<?xml version="1.0" encoding="UTF-8"?>
<!-- Generated by org.testng.reporters.JUnitReportReporter -->
<testsuite hostname="LP-5CD120NLR8" name="restassured.test2anothermethod" tests="1" failures="0" timestamp="8 Nov 2021 07:02:06 GMT" time="3.151" errors="0">
  <testcase name="get" time="3.151" classname="restassured.test2anothermethod"/>
</testsuite> <!-- restassured.test2anothermethod -->
