<?xml version="1.0" encoding="UTF-8"?>
<!-- Generated by org.testng.reporters.JUnitReportReporter -->
<testsuite hostname="LP-5CD120NLR8" name="restassured.GetRequest" tests="1" failures="0" timestamp="8 Nov 2021 07:36:03 GMT" time="3.014" errors="0">
  <testcase name="get" time="3.014" classname="restassured.GetRequest"/>
</testsuite> <!-- restassured.GetRequest -->
