<?xml version="1.0" encoding="UTF-8"?>
<!-- Generated by org.testng.reporters.JUnitReportReporter -->
<testsuite hostname="LP-5CD120NLR8" name="restassured.Delete_Request" tests="1" failures="0" timestamp="8 Nov 2021 09:47:39 GMT" time="3.367" errors="0">
  <testcase name="Del" time="3.367" classname="restassured.Delete_Request"/>
</testsuite> <!-- restassured.Delete_Request -->
