<?xml version="1.0" encoding="UTF-8"?>
<!-- Generated by org.testng.reporters.JUnitReportReporter -->
<testsuite hostname="LP-5CD120NLR8" name="restassured.Post_Request_DataProvider" tests="2" failures="0" timestamp="8 Nov 2021 08:51:54 GMT" time="4.190" errors="0">
  <testcase name="test" time="0.797" classname="restassured.Post_Request_DataProvider"/>
  <testcase name="test" time="3.393" classname="restassured.Post_Request_DataProvider"/>
</testsuite> <!-- restassured.Post_Request_DataProvider -->
