<?xml version="1.0" encoding="UTF-8"?>
<!-- Generated by org.testng.reporters.JUnitReportReporter -->
<testsuite hostname="LP-5CD120NLR8" name="restassured.Post_Request" tests="1" failures="0" timestamp="8 Nov 2021 08:33:37 GMT" time="3.515" errors="0">
  <testcase name="test" time="3.515" classname="restassured.Post_Request"/>
</testsuite> <!-- restassured.Post_Request -->
