<?xml version="1.0" encoding="UTF-8"?>
<!-- Generated by org.testng.reporters.JUnitReportReporter -->
<testsuite hostname="LP-5CD120NLR8" name="restassured.Put_Request" tests="2" failures="0" timestamp="8 Nov 2021 09:23:31 GMT" time="3.901" errors="0">
  <testcase name="test" time="0.840" classname="restassured.Put_Request"/>
  <testcase name="test" time="3.061" classname="restassured.Put_Request"/>
</testsuite> <!-- restassured.Put_Request -->
