<?xml version="1.0" encoding="UTF-8"?>
<!-- Generated by org.testng.reporters.JUnitReportReporter -->
<testsuite hostname="LP-5CD120NLR8" name="restassured.Test1" tests="1" failures="0" timestamp="8 Nov 2021 09:24:57 GMT" time="2.763" errors="0">
  <testcase name="get" time="2.763" classname="restassured.Test1"/>
</testsuite> <!-- restassured.Test1 -->
